<?xml version="1.0" encoding="UTF-8"?>
<robot generator="Robot 4.0.3 (Python 3.9.6 on darwin)" generated="20210727 23:07:05.351" rpa="false" schemaversion="2">
<suite id="s1" name="Google Search" source="/Users/abhishekbhandari/PycharmProjects/pythonProject/QA_Module/TestCases/Shakedown/Google_Search.robot">
<test id="s1-t1" name="Open-Google-Firefox">
<kw name="Open Browser" library="SeleniumLibrary">
<arg>${google_url}</arg>
<arg>${browser}</arg>
<doc>Opens a new browser instance to the optional ``url``.</doc>
<msg timestamp="20210727 23:07:05.610" level="INFO">Opening browser 'firefox' to base url 'http://www.google.com'.</msg>
<msg timestamp="20210727 23:07:05.612" level="INFO">Firefox driver log is always forced to to: /Users/abhishekbhandari/PycharmProjects/pythonProject/geckodriver-4.log</msg>
<status status="PASS" starttime="20210727 23:07:05.610" endtime="20210727 23:07:10.766"/>
</kw>
<kw name="Maximize Browser Window" library="SeleniumLibrary">
<doc>Maximizes current browser window.</doc>
<status status="PASS" starttime="20210727 23:07:10.767" endtime="20210727 23:07:11.229"/>
</kw>
<kw name="Input Text" library="SeleniumLibrary">
<arg>${search_bar}</arg>
<arg>test</arg>
<doc>Types the given ``text`` into the text field identified by ``locator``.</doc>
<msg timestamp="20210727 23:07:11.230" level="INFO">Typing text 'test' into text field 'xpath=.//*[contains(@name,'q')]'.</msg>
<status status="PASS" starttime="20210727 23:07:11.230" endtime="20210727 23:07:11.279"/>
</kw>
<kw name="Log To Console" library="BuiltIn">
<arg>\nentered test</arg>
<doc>Logs the given message to the console.</doc>
<status status="PASS" starttime="20210727 23:07:11.279" endtime="20210727 23:07:11.279"/>
</kw>
<kw name="Input Text" library="SeleniumLibrary">
<arg>${search_bar}</arg>
<arg>gmail</arg>
<doc>Types the given ``text`` into the text field identified by ``locator``.</doc>
<msg timestamp="20210727 23:07:11.280" level="INFO">Typing text 'gmail' into text field 'xpath=.//*[contains(@name,'q')]'.</msg>
<status status="PASS" starttime="20210727 23:07:11.280" endtime="20210727 23:07:11.311"/>
</kw>
<kw name="Close All Browsers" library="SeleniumLibrary">
<doc>Closes all open browsers and resets the browser cache.</doc>
<status status="PASS" starttime="20210727 23:07:11.312" endtime="20210727 23:07:11.848"/>
</kw>
<status status="PASS" starttime="20210727 23:07:05.609" endtime="20210727 23:07:11.849"/>
</test>
<status status="PASS" starttime="20210727 23:07:05.353" endtime="20210727 23:07:11.850"/>
</suite>
<statistics>
<total>
<stat pass="1" fail="0" skip="0">All Tests</stat>
</total>
<tag>
</tag>
<suite>
<stat pass="1" fail="0" skip="0" id="s1" name="Google Search">Google Search</stat>
</suite>
</statistics>
<errors>
</errors>
</robot>
